<?xml version="1.0" encoding="UTF-8"?>
<testsuite xmlns:xsi="http://www.w3.org/2001/XMLSchema-instance" xsi:noNamespaceSchemaLocation="https://maven.apache.org/surefire/maven-surefire-plugin/xsd/surefire-test-report.xsd" version="3.0.2" name="sg.edu.nus.iss.cicd_demo.DataControllerTest" time="0.449" tests="4" errors="0" skipped="0" failures="0">
  <properties>
[...]
</properties>
  <testcase name="currenciesLength" classname="sg.edu.nus.iss.cicd_demo.DataControllerTest" time="0.313">
    <system-out><![CDATA[2025-11-19T14:28:37.610+08:00  INFO 35456 --- [cicd-demo] [           main] t.c.s.AnnotationConfigContextLoaderUtils : Could not detect default configuration classes for test class [sg.edu.nus.iss.cicd_demo.DataControllerTest]: DataControllerTest does not declare any static, non-private, non-final, nested classes annotated with @Configuration.
2025-11-19T14:28:37.615+08:00  INFO 35456 --- [cicd-demo] [           main] .b.t.c.SpringBootTestContextBootstrapper : Found @SpringBootConfiguration sg.edu.nus.iss.cicd_demo.CicdDemoApplication for test class sg.edu.nus.iss.cicd_demo.DataControllerTest
]]></system-out>
  </testcase>
  <testcase name="health" classname="sg.edu.nus.iss.cicd_demo.DataControllerTest" time="0.009"/>
  <testcase name="version" classname="sg.edu.nus.iss.cicd_demo.DataControllerTest" time="0.0"/>
  <testcase name="nationsLength" classname="sg.edu.nus.iss.cicd_demo.DataControllerTest" time="0.091"/>
</testsuite>